<?xml version="1.0" encoding="UTF-8"?>
<testng-results skipped="0" failed="0" ignored="0" total="1" passed="1">
  <reporter-output>
  </reporter-output>
  <suite name="Default suite" duration-ms="20018" started-at="2020-08-26T21:57:29Z" finished-at="2020-08-26T21:57:49Z">
    <groups>
    </groups>
    <test name="Default test" duration-ms="20018" started-at="2020-08-26T21:57:29Z" finished-at="2020-08-26T21:57:49Z">
      <class name="com.wordpress.test.LoginTestNew">
        <test-method status="PASS" signature="verifyLoginCreditenials()[pri:0, instance:com.wordpress.test.LoginTestNew@6d00a15d]" name="verifyLoginCreditenials" duration-ms="19978" started-at="2020-08-26T21:57:29Z" finished-at="2020-08-26T21:57:49Z">
          <reporter-output>
          </reporter-output>
        </test-method> <!-- verifyLoginCreditenials -->
      </class> <!-- com.wordpress.test.LoginTestNew -->
    </test> <!-- Default test -->
  </suite> <!-- Default suite -->
</testng-results>
