<?xml version="1.0" encoding="UTF-8"?>
<!-- Generated by org.testng.reporters.JUnitXMLReporter -->
<testsuite hostname="DESKTOP-U7TH2DH" ignored="0" name="Default test" tests="5" failures="0" timestamp="2019-11-12T23:29:12 EST" time="30.68" errors="0">
  <testcase name="googleLogoTest" time="0.109" classname="SelfStudy2.GoogleTest"/>
  <testcase name="googleTitleTest" time="0.017" classname="SelfStudy2.GoogleTest"/>
  <testcase name="google3" time="0.0" classname="SelfStudy2.GoogleTest"/>
  <testcase name="googleT" time="0.0" classname="SelfStudy2.GoogleTest"/>
  <testcase name="mailLinkTest" time="0.073" classname="SelfStudy2.GoogleTest"/>
</testsuite> <!-- Default test -->
