<?xml version="1.0" encoding="UTF-8"?>
<!-- Generated by org.testng.reporters.JUnitXMLReporter -->
<testsuite hostname="DESKTOP-U7TH2DH" ignored="0" name="Default test" tests="5" failures="0" timestamp="2019-11-14T22:46:24 EST" time="30.998" errors="0">
  <testcase name="googleLogoTest" time="0.148" classname="SelfStudy2.GoogleTest"/>
  <testcase name="googleTitleTest" time="0.002" classname="SelfStudy2.GoogleTest"/>
  <testcase name="google3" time="0.003" classname="SelfStudy2.GoogleTest"/>
  <testcase name="googleT" time="0.0" classname="SelfStudy2.GoogleTest"/>
  <testcase name="mailLinkTest" time="0.083" classname="SelfStudy2.GoogleTest"/>
</testsuite> <!-- Default test -->
