<?xml version="1.0" encoding="UTF-8"?>
<testng-results skipped="0" failed="0" ignored="0" total="1" passed="1">
  <reporter-output>
  </reporter-output>
  <suite name="Default suite" duration-ms="19250" started-at="2020-08-26T19:39:10 EDT" finished-at="2020-08-26T19:39:29 EDT">
    <groups>
    </groups>
    <test name="Default test" duration-ms="19250" started-at="2020-08-26T19:39:10 EDT" finished-at="2020-08-26T19:39:29 EDT">
      <class name="com.qa.test.LoginTest_withoutPageFactory">
        <test-method status="PASS" signature="verifyLoginCreditenials()[pri:0, instance:com.qa.test.LoginTest_withoutPageFactory@6d7b4f4c]" name="verifyLoginCreditenials" duration-ms="19186" started-at="2020-08-26T19:39:10 EDT" finished-at="2020-08-26T19:39:29 EDT">
          <reporter-output>
          </reporter-output>
        </test-method> <!-- verifyLoginCreditenials -->
      </class> <!-- com.qa.test.LoginTest_withoutPageFactory -->
    </test> <!-- Default test -->
  </suite> <!-- Default suite -->
</testng-results>
