<?xml version="1.0" encoding="UTF-8"?>
<testng-results skipped="0" failed="0" ignored="0" total="3" passed="3">
  <reporter-output>
  </reporter-output>
  <suite name="Default suite" duration-ms="60" started-at="2019-11-16T14:07:00 EST" finished-at="2019-11-16T14:07:00 EST">
    <groups>
    </groups>
    <test name="Default test" duration-ms="60" started-at="2019-11-16T14:07:00 EST" finished-at="2019-11-16T14:07:00 EST">
      <class name="selenium.Testing1">
        <test-method status="PASS" signature="beforeSuite()[pri:0, instance:selenium.Testing1@6b09bb57]" name="beforeSuite" is-config="true" duration-ms="16" started-at="2019-11-16T14:07:00 EST" finished-at="2019-11-16T14:07:00 EST">
          <reporter-output>
          </reporter-output>
        </test-method> <!-- beforeSuite -->
        <test-method status="PASS" signature="beforeTest()[pri:0, instance:selenium.Testing1@6b09bb57]" name="beforeTest" is-config="true" duration-ms="0" started-at="2019-11-16T14:07:00 EST" finished-at="2019-11-16T14:07:00 EST">
          <reporter-output>
          </reporter-output>
        </test-method> <!-- beforeTest -->
        <test-method status="PASS" signature="beforeClass()[pri:0, instance:selenium.Testing1@6b09bb57]" name="beforeClass" is-config="true" duration-ms="1" started-at="2019-11-16T14:07:00 EST" finished-at="2019-11-16T14:07:00 EST">
          <reporter-output>
          </reporter-output>
        </test-method> <!-- beforeClass -->
        <test-method status="PASS" signature="beforeMethod()[pri:0, instance:selenium.Testing1@6b09bb57]" name="beforeMethod" is-config="true" duration-ms="1" started-at="2019-11-16T14:07:00 EST" finished-at="2019-11-16T14:07:00 EST">
          <reporter-output>
          </reporter-output>
        </test-method> <!-- beforeMethod -->
        <test-method status="PASS" signature="test1()[pri:0, instance:selenium.Testing1@6b09bb57]" name="test1" duration-ms="7" started-at="2019-11-16T14:07:00 EST" finished-at="2019-11-16T14:07:00 EST">
          <reporter-output>
          </reporter-output>
        </test-method> <!-- test1 -->
        <test-method status="PASS" signature="afterMethod()[pri:0, instance:selenium.Testing1@6b09bb57]" name="afterMethod" is-config="true" duration-ms="1" started-at="2019-11-16T14:07:00 EST" finished-at="2019-11-16T14:07:00 EST">
          <reporter-output>
          </reporter-output>
        </test-method> <!-- afterMethod -->
        <test-method status="PASS" signature="beforeMethod()[pri:0, instance:selenium.Testing1@6b09bb57]" name="beforeMethod" is-config="true" duration-ms="0" started-at="2019-11-16T14:07:00 EST" finished-at="2019-11-16T14:07:00 EST">
          <reporter-output>
          </reporter-output>
        </test-method> <!-- beforeMethod -->
        <test-method status="PASS" signature="test2()[pri:0, instance:selenium.Testing1@6b09bb57]" name="test2" duration-ms="2" started-at="2019-11-16T14:07:00 EST" finished-at="2019-11-16T14:07:00 EST">
          <reporter-output>
          </reporter-output>
        </test-method> <!-- test2 -->
        <test-method status="PASS" signature="afterMethod()[pri:0, instance:selenium.Testing1@6b09bb57]" name="afterMethod" is-config="true" duration-ms="1" started-at="2019-11-16T14:07:00 EST" finished-at="2019-11-16T14:07:00 EST">
          <reporter-output>
          </reporter-output>
        </test-method> <!-- afterMethod -->
        <test-method status="PASS" signature="test3()[pri:0, instance:selenium.Testing1@6b09bb57]" name="test3" duration-ms="2" started-at="2019-11-16T14:07:00 EST" finished-at="2019-11-16T14:07:00 EST">
          <reporter-output>
          </reporter-output>
        </test-method> <!-- test3 -->
        <test-method status="PASS" signature="beforeMethod()[pri:0, instance:selenium.Testing1@6b09bb57]" name="beforeMethod" is-config="true" duration-ms="0" started-at="2019-11-16T14:07:00 EST" finished-at="2019-11-16T14:07:00 EST">
          <reporter-output>
          </reporter-output>
        </test-method> <!-- beforeMethod -->
        <test-method status="PASS" signature="afterMethod()[pri:0, instance:selenium.Testing1@6b09bb57]" name="afterMethod" is-config="true" duration-ms="1" started-at="2019-11-16T14:07:00 EST" finished-at="2019-11-16T14:07:00 EST">
          <reporter-output>
          </reporter-output>
        </test-method> <!-- afterMethod -->
        <test-method status="PASS" signature="afterClass()[pri:0, instance:selenium.Testing1@6b09bb57]" name="afterClass" is-config="true" duration-ms="0" started-at="2019-11-16T14:07:00 EST" finished-at="2019-11-16T14:07:00 EST">
          <reporter-output>
          </reporter-output>
        </test-method> <!-- afterClass -->
        <test-method status="PASS" signature="afterTest()[pri:0, instance:selenium.Testing1@6b09bb57]" name="afterTest" is-config="true" duration-ms="1" started-at="2019-11-16T14:07:00 EST" finished-at="2019-11-16T14:07:00 EST">
          <reporter-output>
          </reporter-output>
        </test-method> <!-- afterTest -->
        <test-method status="PASS" signature="afterSuite()[pri:0, instance:selenium.Testing1@6b09bb57]" name="afterSuite" is-config="true" duration-ms="0" started-at="2019-11-16T14:07:00 EST" finished-at="2019-11-16T14:07:00 EST">
          <reporter-output>
          </reporter-output>
        </test-method> <!-- afterSuite -->
      </class> <!-- selenium.Testing1 -->
    </test> <!-- Default test -->
  </suite> <!-- Default suite -->
</testng-results>
