<?xml version="1.0" encoding="UTF-8"?>
<testng-results skipped="0" failed="0" ignored="0" total="2" passed="2">
  <reporter-output>
  </reporter-output>
  <suite name="Default suite" duration-ms="24162" started-at="2019-11-23T12:52:46 EST" finished-at="2019-11-23T12:53:10 EST">
    <groups>
    </groups>
    <test name="Default test" duration-ms="24162" started-at="2019-11-23T12:52:46 EST" finished-at="2019-11-23T12:53:10 EST">
      <class name="tests.LoginTest">
        <test-method status="PASS" signature="beforeMethod()[pri:0, instance:tests.LoginTest@6c3708b3]" name="beforeMethod" is-config="true" duration-ms="6303" started-at="2019-11-23T12:52:46 EST" finished-at="2019-11-23T12:52:52 EST">
          <reporter-output>
          </reporter-output>
        </test-method> <!-- beforeMethod -->
        <test-method status="PASS" signature="LoginWithEmailTest()[pri:0, instance:tests.LoginTest@6c3708b3]" name="LoginWithEmailTest" duration-ms="3485" started-at="2019-11-23T12:52:52 EST" finished-at="2019-11-23T12:52:55 EST">
          <reporter-output>
          </reporter-output>
        </test-method> <!-- LoginWithEmailTest -->
        <test-method status="PASS" signature="afterMethod()[pri:0, instance:tests.LoginTest@6c3708b3]" name="afterMethod" is-config="true" duration-ms="707" started-at="2019-11-23T12:52:55 EST" finished-at="2019-11-23T12:52:56 EST">
          <reporter-output>
          </reporter-output>
        </test-method> <!-- afterMethod -->
        <test-method status="PASS" signature="beforeMethod()[pri:0, instance:tests.LoginTest@6c3708b3]" name="beforeMethod" is-config="true" duration-ms="5333" started-at="2019-11-23T12:52:56 EST" finished-at="2019-11-23T12:53:01 EST">
          <reporter-output>
          </reporter-output>
        </test-method> <!-- beforeMethod -->
        <test-method status="PASS" signature="LoginWithWrongPasswordTest()[pri:0, instance:tests.LoginTest@6c3708b3]" name="LoginWithWrongPasswordTest" duration-ms="6706" started-at="2019-11-23T12:53:01 EST" finished-at="2019-11-23T12:53:08 EST">
          <reporter-output>
          </reporter-output>
        </test-method> <!-- LoginWithWrongPasswordTest -->
        <test-method status="PASS" signature="afterMethod()[pri:0, instance:tests.LoginTest@6c3708b3]" name="afterMethod" is-config="true" duration-ms="1572" started-at="2019-11-23T12:53:08 EST" finished-at="2019-11-23T12:53:10 EST">
          <reporter-output>
          </reporter-output>
        </test-method> <!-- afterMethod -->
      </class> <!-- tests.LoginTest -->
    </test> <!-- Default test -->
  </suite> <!-- Default suite -->
</testng-results>
